<?xml version="1.0" encoding="UTF-8"?>
<testsuite name="com.code.Oauth2ApplicationTests" tests="1" skipped="0" failures="0" errors="0" timestamp="2022-08-24T05:05:23" hostname="DESKTOP-N4FIBD3" time="0.064">
  <properties/>
  <testcase name="contextLoads()" classname="com.code.Oauth2ApplicationTests" time="0.064"/>
  <system-out><![CDATA[14:05:20.870 [Test worker] DEBUG org.springframework.test.context.BootstrapUtils - Instantiating CacheAwareContextLoaderDelegate from class [org.springframework.test.context.cache.DefaultCacheAwareContextLoaderDelegate]
14:05:20.876 [Test worker] DEBUG org.springframework.test.context.BootstrapUtils - Instantiating BootstrapContext using constructor [public org.springframework.test.context.support.DefaultBootstrapContext(java.lang.Class,org.springframework.test.context.CacheAwareContextLoaderDelegate)]
14:05:20.891 [Test worker] DEBUG org.springframework.test.context.BootstrapUtils - Instantiating TestContextBootstrapper for test class [com.code.Oauth2ApplicationTests] from class [org.springframework.boot.test.context.SpringBootTestContextBootstrapper]
14:05:20.896 [Test worker] INFO org.springframework.boot.test.context.SpringBootTestContextBootstrapper - Neither @ContextConfiguration nor @ContextHierarchy found for test class [com.code.Oauth2ApplicationTests], using SpringBootContextLoader
14:05:20.898 [Test worker] DEBUG org.springframework.test.context.support.AbstractContextLoader - Did not detect default resource location for test class [com.code.Oauth2ApplicationTests]: class path resource [com/code/Oauth2ApplicationTests-context.xml] does not exist
14:05:20.898 [Test worker] DEBUG org.springframework.test.context.support.AbstractContextLoader - Did not detect default resource location for test class [com.code.Oauth2ApplicationTests]: class path resource [com/code/Oauth2ApplicationTestsContext.groovy] does not exist
14:05:20.899 [Test worker] INFO org.springframework.test.context.support.AbstractContextLoader - Could not detect default resource locations for test class [com.code.Oauth2ApplicationTests]: no resource found for suffixes {-context.xml, Context.groovy}.
14:05:20.899 [Test worker] INFO org.springframework.test.context.support.AnnotationConfigContextLoaderUtils - Could not detect default configuration classes for test class [com.code.Oauth2ApplicationTests]: Oauth2ApplicationTests does not declare any static, non-private, non-final, nested classes annotated with @Configuration.
14:05:20.919 [Test worker] DEBUG org.springframework.test.context.support.ActiveProfilesUtils - Could not find an 'annotation declaring class' for annotation type [org.springframework.test.context.ActiveProfiles] and class [com.code.Oauth2ApplicationTests]
14:05:20.946 [Test worker] DEBUG org.springframework.context.annotation.ClassPathScanningCandidateComponentProvider - Identified candidate component class: file [/home/souress2/demo/microservices/oauth2/build/classes/java/main/com/code/Oauth2Application.class]
14:05:20.947 [Test worker] INFO org.springframework.boot.test.context.SpringBootTestContextBootstrapper - Found @SpringBootConfiguration com.code.Oauth2Application for test class com.code.Oauth2ApplicationTests
14:05:20.990 [Test worker] DEBUG org.springframework.boot.test.context.SpringBootTestContextBootstrapper - @TestExecutionListeners is not present for class [com.code.Oauth2ApplicationTests]: using defaults.
14:05:20.991 [Test worker] INFO org.springframework.boot.test.context.SpringBootTestContextBootstrapper - Loaded default TestExecutionListener class names from location [META-INF/spring.factories]: [org.springframework.security.test.context.support.WithSecurityContextTestExecutionListener, org.springframework.security.test.context.support.ReactorContextTestExecutionListener, org.springframework.boot.test.autoconfigure.restdocs.RestDocsTestExecutionListener, org.springframework.boot.test.autoconfigure.web.client.MockRestServiceServerResetTestExecutionListener, org.springframework.boot.test.autoconfigure.web.servlet.MockMvcPrintOnlyOnFailureTestExecutionListener, org.springframework.boot.test.autoconfigure.web.servlet.WebDriverTestExecutionListener, org.springframework.boot.test.autoconfigure.webservices.client.MockWebServiceServerTestExecutionListener, org.springframework.boot.test.mock.mockito.MockitoTestExecutionListener, org.springframework.boot.test.mock.mockito.ResetMocksTestExecutionListener, org.springframework.test.context.web.ServletTestExecutionListener, org.springframework.test.context.support.DirtiesContextBeforeModesTestExecutionListener, org.springframework.test.context.event.ApplicationEventsTestExecutionListener, org.springframework.test.context.support.DependencyInjectionTestExecutionListener, org.springframework.test.context.support.DirtiesContextTestExecutionListener, org.springframework.test.context.transaction.TransactionalTestExecutionListener, org.springframework.test.context.jdbc.SqlScriptsTestExecutionListener, org.springframework.test.context.event.EventPublishingTestExecutionListener]
14:05:20.999 [Test worker] INFO org.springframework.boot.test.context.SpringBootTestContextBootstrapper - Using TestExecutionListeners: [org.springframework.test.context.web.ServletTestExecutionListener@3d9e1bb2, org.springframework.test.context.support.DirtiesContextBeforeModesTestExecutionListener@37901655, org.springframework.test.context.event.ApplicationEventsTestExecutionListener@2055e558, org.springframework.boot.test.mock.mockito.MockitoTestExecutionListener@75e1ed6c, org.springframework.boot.test.autoconfigure.SpringBootDependencyInjectionTestExecutionListener@386f2be9, org.springframework.test.context.support.DirtiesContextTestExecutionListener@ffaa00f, org.springframework.test.context.transaction.TransactionalTestExecutionListener@8afb8d, org.springframework.test.context.jdbc.SqlScriptsTestExecutionListener@7a7afc7d, org.springframework.security.test.context.support.WithSecurityContextTestExecutionListener@3b8ba0b8, org.springframework.test.context.event.EventPublishingTestExecutionListener@61ab951e, org.springframework.security.test.context.support.ReactorContextTestExecutionListener@36aa5c35, org.springframework.boot.test.autoconfigure.restdocs.RestDocsTestExecutionListener@1b9ed789, org.springframework.boot.test.autoconfigure.web.client.MockRestServiceServerResetTestExecutionListener@7df62a22, org.springframework.boot.test.autoconfigure.web.servlet.MockMvcPrintOnlyOnFailureTestExecutionListener@40c843e7, org.springframework.boot.test.autoconfigure.web.servlet.WebDriverTestExecutionListener@24e7f43f, org.springframework.boot.test.autoconfigure.webservices.client.MockWebServiceServerTestExecutionListener@49a84db5, org.springframework.boot.test.mock.mockito.ResetMocksTestExecutionListener@5c3d998]
14:05:21.000 [Test worker] DEBUG org.springframework.test.context.support.AbstractDirtiesContextTestExecutionListener - Before test class: context [DefaultTestContext@6c8668b8 testClass = Oauth2ApplicationTests, testInstance = [null], testMethod = [null], testException = [null], mergedContextConfiguration = [WebMergedContextConfiguration@7fdcb408 testClass = Oauth2ApplicationTests, locations = '{}', classes = '{class com.code.Oauth2Application}', contextInitializerClasses = '[]', activeProfiles = '{}', propertySourceLocations = '{}', propertySourceProperties = '{org.springframework.boot.test.context.SpringBootTestContextBootstrapper=true}', contextCustomizers = set[org.springframework.boot.test.autoconfigure.actuate.metrics.MetricsExportContextCustomizerFactory$DisableMetricExportContextCustomizer@67fad48d, org.springframework.boot.test.autoconfigure.properties.PropertyMappingContextCustomizer@0, org.springframework.boot.test.autoconfigure.web.servlet.WebDriverContextCustomizerFactory$Customizer@7336fc55, org.springframework.boot.test.context.filter.ExcludeFilterContextCustomizer@70ad2f52, org.springframework.boot.test.json.DuplicateJsonObjectContextCustomizerFactory$DuplicateJsonObjectContextCustomizer@7ca8edda, org.springframework.boot.test.mock.mockito.MockitoContextCustomizer@0, org.springframework.boot.test.web.client.TestRestTemplateContextCustomizer@442601f4, org.springframework.boot.test.context.SpringBootTestArgs@1, org.springframework.boot.test.context.SpringBootTestWebEnvironment@17147c69], resourceBasePath = 'src/main/webapp', contextLoader = 'org.springframework.boot.test.context.SpringBootContextLoader', parent = [null]], attributes = map['org.springframework.test.context.web.ServletTestExecutionListener.activateListener' -> true]], class annotated with @DirtiesContext [false] with mode [null].
14:05:21.015 [Test worker] DEBUG org.springframework.test.context.support.TestPropertySourceUtils - Adding inlined properties to environment: {spring.jmx.enabled=false, org.springframework.boot.test.context.SpringBootTestContextBootstrapper=true}

  .   ____          _            __ _ _
 /\\ / ___'_ __ _ _(_)_ __  __ _ \ \ \ \
( ( )\___ | '_ | '_| | '_ \/ _` | \ \ \ \
 \\/  ___)| |_)| | | | | || (_| |  ) ) ) )
  '  |____| .__|_| |_|_| |_\__, | / / / /
 =========|_|==============|___/=/_/_/_/
 :: Spring Boot ::                (v2.5.3)

2022-08-24 14:05:21.201  INFO 14402 --- [    Test worker] com.code.Oauth2ApplicationTests          : Starting Oauth2ApplicationTests using Java 11.0.16 on DESKTOP-N4FIBD3 with PID 14402 (started by souress2 in /home/souress2/demo/microservices/oauth2)
2022-08-24 14:05:21.202  INFO 14402 --- [    Test worker] com.code.Oauth2ApplicationTests          : No active profile set, falling back to default profiles: default
2022-08-24 14:05:21.571  INFO 14402 --- [    Test worker] .s.d.r.c.RepositoryConfigurationDelegate : Bootstrapping Spring Data JPA repositories in DEFAULT mode.
2022-08-24 14:05:21.598  INFO 14402 --- [    Test worker] .s.d.r.c.RepositoryConfigurationDelegate : Finished Spring Data repository scanning in 20 ms. Found 1 JPA repository interfaces.
2022-08-24 14:05:21.896  INFO 14402 --- [    Test worker] com.zaxxer.hikari.HikariDataSource       : HikariPool-1 - Starting...
2022-08-24 14:05:22.082  INFO 14402 --- [    Test worker] com.zaxxer.hikari.HikariDataSource       : HikariPool-1 - Start completed.
2022-08-24 14:05:22.110  INFO 14402 --- [    Test worker] o.hibernate.jpa.internal.util.LogHelper  : HHH000204: Processing PersistenceUnitInfo [name: default]
2022-08-24 14:05:22.131  INFO 14402 --- [    Test worker] org.hibernate.Version                    : HHH000412: Hibernate ORM core version 5.4.32.Final
2022-08-24 14:05:22.197  INFO 14402 --- [    Test worker] o.hibernate.annotations.common.Version   : HCANN000001: Hibernate Commons Annotations {5.1.2.Final}
2022-08-24 14:05:22.260  INFO 14402 --- [    Test worker] org.hibernate.dialect.Dialect            : HHH000400: Using dialect: org.hibernate.dialect.MySQL5InnoDBDialect
2022-08-24 14:05:22.560  INFO 14402 --- [    Test worker] o.h.e.t.j.p.i.JtaPlatformInitiator       : HHH000490: Using JtaPlatform implementation: [org.hibernate.engine.transaction.jta.platform.internal.NoJtaPlatform]
2022-08-24 14:05:22.565  INFO 14402 --- [    Test worker] j.LocalContainerEntityManagerFactoryBean : Initialized JPA EntityManagerFactory for persistence unit 'default'
2022-08-24 14:05:22.844  WARN 14402 --- [    Test worker] JpaBaseConfiguration$JpaWebConfiguration : spring.jpa.open-in-view is enabled by default. Therefore, database queries may be performed during view rendering. Explicitly configure spring.jpa.open-in-view to disable this warning
2022-08-24 14:05:23.171  INFO 14402 --- [    Test worker] o.s.s.web.DefaultSecurityFilterChain     : Will secure Or [Ant [pattern='/oauth/token'], Ant [pattern='/oauth/token_key'], Ant [pattern='/oauth/check_token']] with [org.springframework.security.web.context.request.async.WebAsyncManagerIntegrationFilter@2fbd322a, org.springframework.security.web.context.SecurityContextPersistenceFilter@23cf9c43, org.springframework.security.web.header.HeaderWriterFilter@380420f0, org.springframework.security.web.authentication.logout.LogoutFilter@332f6ec2, org.springframework.security.web.authentication.www.BasicAuthenticationFilter@571cde50, org.springframework.security.web.savedrequest.RequestCacheAwareFilter@53146b39, org.springframework.security.web.servletapi.SecurityContextHolderAwareRequestFilter@2b5b3cd, org.springframework.security.web.authentication.AnonymousAuthenticationFilter@50980137, org.springframework.security.web.session.SessionManagementFilter@5dd5e94e, org.springframework.security.web.access.ExceptionTranslationFilter@492147b4, org.springframework.security.web.access.intercept.FilterSecurityInterceptor@60f2887]
2022-08-24 14:05:23.183  INFO 14402 --- [    Test worker] o.s.s.web.DefaultSecurityFilterChain     : Will secure any request with [org.springframework.security.web.context.request.async.WebAsyncManagerIntegrationFilter@7e624eae, org.springframework.security.web.context.SecurityContextPersistenceFilter@365a4f68, org.springframework.security.web.header.HeaderWriterFilter@513a7497, org.springframework.security.web.authentication.logout.LogoutFilter@60e3ea67, org.springframework.security.web.authentication.UsernamePasswordAuthenticationFilter@3c8f3e6d, org.springframework.security.web.authentication.ui.DefaultLoginPageGeneratingFilter@519be1ab, org.springframework.security.web.authentication.ui.DefaultLogoutPageGeneratingFilter@c8ba68f, org.springframework.security.web.authentication.www.BasicAuthenticationFilter@32dd779f, org.springframework.security.web.savedrequest.RequestCacheAwareFilter@7a65755e, org.springframework.security.web.servletapi.SecurityContextHolderAwareRequestFilter@78f92849, org.springframework.security.web.authentication.AnonymousAuthenticationFilter@5284d1ca, org.springframework.security.web.session.SessionManagementFilter@da48df0, org.springframework.security.web.access.ExceptionTranslationFilter@3a8edfb2]
2022-08-24 14:05:23.533  WARN 14402 --- [    Test worker] ion$DefaultTemplateResolverConfiguration : Cannot find template location: classpath:/templates/ (please add some templates or check your Thymeleaf configuration)
2022-08-24 14:05:23.659  INFO 14402 --- [    Test worker] com.code.Oauth2ApplicationTests          : Started Oauth2ApplicationTests in 2.641 seconds (JVM running for 3.174)
]]></system-out>
  <system-err><![CDATA[]]></system-err>
</testsuite>
